[debug] ----------------------------------------------------------------------
[debug] Command:      /usr/bin/node /usr/bin/firebase deploy --token 1/yPJjGXt5ZQGnRP-pk_Ko-1468Cldm2MiUV7xn-J4SJg
[debug] CLI Version:  3.0.8
[debug] Platform:     linux
[debug] Node Version: v6.5.0
[debug] Time:         Wed Nov 30 2016 11:08:28 GMT-0500 (EST)
[debug] ----------------------------------------------------------------------
[debug] 
[debug] > command requires scopes: ["email","openid","https://www.googleapis.com/auth/cloudplatformprojects.readonly","https://www.googleapis.com/auth/firebase"]
[debug] > refreshing access token with scopes: ["email","openid","https://www.googleapis.com/auth/cloudplatformprojects.readonly","https://www.googleapis.com/auth/firebase"]
[debug] >>> HTTP REQUEST POST https://www.googleapis.com/oauth2/v3/token
[debug] <<< HTTP RESPONSE 200
[debug] >>> HTTP REQUEST GET https://admin.firebase.com/v1/projects/open-elements 
[debug] <<< HTTP RESPONSE 200
[debug] >>> HTTP REQUEST GET https://admin.firebase.com/v1/database/open-elements/tokens 
[debug] <<< HTTP RESPONSE 200
[info] 
[info] === Deploying to 'open-elements'...
[info] 
[info] i  deploying hosting
[info] ✔  database: rules ready to deploy.
[info] i  hosting: preparing dist directory for upload...
